00000000 :	64 65 78 0A 
		30 33 35 00 
		magic: dex\n035\0
00000008 :	62 8B 44 18 
		checksum
0000000C :	DA A9 21 CA 
		9C 4F B4 C5 
		21 D7 77 BC 
		2A 18 4A 38 
		0D A2 AA FE 
		signature
00000020 :	50 04 00 00 
		file size: 0x00000450
00000024 :	70 00 00 00 
		header size: 0x00000070
00000028 :	78 56 34 12 
		00 00 00 00 
		link size: 0x00000000
00000030 :	00 00 00 00 
		link offset: 0x00000000
00000034 :	A4 03 00 00 
		map offset: 0x000003A4
00000038 :	1A 00 00 00 
		string ids size: 0x0000001A
0000003C :	70 00 00 00 
		string ids offset: 0x00000070
00000040 :	0A 00 00 00 
		type ids size: 0x0000000A
00000044 :	D8 00 00 00 
		type ids offset: 0x000000D8
00000048 :	07 00 00 00 
		proto ids size: 0x00000007
0000004C :	00 01 00 00 
		proto ids offset: 0x00000100
00000050 :	03 00 00 00 
		field ids size: 0x00000003
00000054 :	54 01 00 00 
		field ids offset: 0x00000154
00000058 :	09 00 00 00 
		method ids size: 0x00000009
0000005C :	6C 01 00 00 
		method ids offset: 0x0000016C
00000060 :	01 00 00 00 
		class defs size: 0x00000001
00000064 :	B4 01 00 00 
		class defs offset: 0x000001B4
00000068 :	7C 02 00 00 
		data size: 0x0000027C
0000006C :	D4 01 00 00 
		data offset: 0x000001D4
00000070 :	72 02 00 00 
		string[0]: at 0x00000272
00000074 :	7F 02 00 00 
		string[1]: at 0x0000027F
00000078 :	87 02 00 00 
		string[2]: at 0x00000287
0000007C :	8A 02 00 00 
		string[3]: at 0x0000028A
00000080 :	98 02 00 00 
		string[4]: at 0x00000298
00000084 :	9B 02 00 00 
		string[5]: at 0x0000029B
00000088 :	9E 02 00 00 
		string[6]: at 0x0000029E
0000008C :	A2 02 00 00 
		string[7]: at 0x000002A2
00000090 :	AD 02 00 00 
		string[8]: at 0x000002AD
00000094 :	B1 02 00 00 
		string[9]: at 0x000002B1
00000098 :	B5 02 00 00 
		string[10]: at 0x000002B5
0000009C :	CC 02 00 00 
		string[11]: at 0x000002CC
000000A0 :	E0 02 00 00 
		string[12]: at 0x000002E0
000000A4 :	F4 02 00 00 
		string[13]: at 0x000002F4
000000A8 :	0F 03 00 00 
		string[14]: at 0x0000030F
000000AC :	23 03 00 00 
		string[15]: at 0x00000323
000000B0 :	26 03 00 00 
		string[16]: at 0x00000326
000000B4 :	2A 03 00 00 
		string[17]: at 0x0000032A
000000B8 :	3F 03 00 00 
		string[18]: at 0x0000033F
000000BC :	47 03 00 00 
		string[19]: at 0x00000347
000000C0 :	4F 03 00 00 
		string[20]: at 0x0000034F
000000C4 :	57 03 00 00 
		string[21]: at 0x00000357
000000C8 :	5F 03 00 00 
		string[22]: at 0x0000035F
000000CC :	65 03 00 00 
		string[23]: at 0x00000365
000000D0 :	6A 03 00 00 
		string[24]: at 0x0000036A
000000D4 :	73 03 00 00 
		string[25]: at 0x00000373
// string[0]:  character 
// string[1]: <init>
// string[2]: C
// string[3]: Casting.java
// string[4]: I
// string[5]: L
// string[6]: LC
// string[7]: LCasting;
// string[8]: LI
// string[9]: LL
// string[10]: Ljava/io/PrintStream;
// string[11]: Ljava/lang/Object;
// string[12]: Ljava/lang/String;
// string[13]: Ljava/lang/StringBuilder;
// string[14]: Ljava/lang/System;
// string[15]: V
// string[16]: VL
// string[17]: [Ljava/lang/String;
// string[18]: append
// string[19]: ascStr
// string[20]: ascii 
// string[21]: chrStr
// string[22]: main
// string[23]: out
// string[24]: println
// string[25]: toString
000000D8 :	02 00 00 00 
		type[0] index: 00000002 (C)
000000DC :	04 00 00 00 
		type[1] index: 00000004 (I)
000000E0 :	07 00 00 00 
		type[2] index: 00000007 (LCasting;)
000000E4 :	0A 00 00 00 
		type[3] index: 0000000A (Ljava/io/PrintStream;)
000000E8 :	0B 00 00 00 
		type[4] index: 0000000B (Ljava/lang/Object;)
000000EC :	0C 00 00 00 
		type[5] index: 0000000C (Ljava/lang/String;)
000000F0 :	0D 00 00 00 
		type[6] index: 0000000D (Ljava/lang/StringBuilder;)
000000F4 :	0E 00 00 00 
		type[7] index: 0000000E (Ljava/lang/System;)
000000F8 :	0F 00 00 00 
		type[8] index: 0000000F (V)
000000FC :	11 00 00 00 
		type[9] index: 00000011 ([Ljava/lang/String;)
00000100 :	05 00 00 00 
		05 00 00 00 
		00 00 00 00 
		proto[0]: short signature: L; return type: Ljava/lang/String;; parameter block offset: 00000000
0000010C :	06 00 00 00 
		06 00 00 00 
		54 02 00 00 
		proto[1]: short signature: LC; return type: Ljava/lang/StringBuilder;; parameter block offset: 00000254
00000118 :	08 00 00 00 
		06 00 00 00 
		5C 02 00 00 
		proto[2]: short signature: LI; return type: Ljava/lang/StringBuilder;; parameter block offset: 0000025C
00000124 :	09 00 00 00 
		06 00 00 00 
		64 02 00 00 
		proto[3]: short signature: LL; return type: Ljava/lang/StringBuilder;; parameter block offset: 00000264
00000130 :	0F 00 00 00 
		08 00 00 00 
		00 00 00 00 
		proto[4]: short signature: V; return type: V; parameter block offset: 00000000
0000013C :	10 00 00 00 
		08 00 00 00 
		64 02 00 00 
		proto[5]: short signature: VL; return type: V; parameter block offset: 00000264
00000148 :	10 00 00 00 
		08 00 00 00 
		6C 02 00 00 
		proto[6]: short signature: VL; return type: V; parameter block offset: 0000026C
// proto[0]: Ljava/lang/String; proto(  )
// proto[1]: Ljava/lang/StringBuilder; proto( C )
// proto[2]: Ljava/lang/StringBuilder; proto( I )
// proto[3]: Ljava/lang/StringBuilder; proto( Ljava/lang/String; )
// proto[4]: V proto(  )
// proto[5]: V proto( Ljava/lang/String; )
// proto[6]: V proto( [Ljava/lang/String; )
00000154 :	02 00 05 00 
		13 00 00 00 
		field[0]: Casting.ascStr Ljava/lang/String;
0000015C :	02 00 05 00 
		15 00 00 00 
		field[1]: Casting.chrStr Ljava/lang/String;
00000164 :	07 00 03 00 
		17 00 00 00 
		field[2]: java/lang/System.out Ljava/io/PrintStream;
0000016C :	02 00 04 00 
		01 00 00 00 
		method[0]: Casting/<init> (<init>()V)
00000174 :	02 00 06 00 
		16 00 00 00 
		method[1]: Casting/main (main([Ljava/lang/String;)V)
0000017C :	03 00 05 00 
		18 00 00 00 
		method[2]: java/io/PrintStream/println (println(Ljava/lang/String;)V)
00000184 :	04 00 04 00 
		01 00 00 00 
		method[3]: java/lang/Object/<init> (<init>()V)
0000018C :	06 00 04 00 
		01 00 00 00 
		method[4]: java/lang/StringBuilder/<init> (<init>()V)
00000194 :	06 00 01 00 
		12 00 00 00 
		method[5]: java/lang/StringBuilder/append (append(C)Ljava/lang/StringBuilder;)
0000019C :	06 00 02 00 
		12 00 00 00 
		method[6]: java/lang/StringBuilder/append (append(I)Ljava/lang/StringBuilder;)
000001A4 :	06 00 03 00 
		12 00 00 00 
		method[7]: java/lang/StringBuilder/append (append(Ljava/lang/String;)Ljava/lang/StringBuilder;)
000001AC :	06 00 00 00 
		19 00 00 00 
		method[8]: java/lang/StringBuilder/toString (toString()Ljava/lang/String;)
000001B4 :	02 00 00 00 
		01 00 00 00 
		04 00 00 00 
		00 00 00 00 
		03 00 00 00 
		00 00 00 00 
		92 03 00 00 
		8D 03 00 00 
		public Casting
// public  class Casting:
// super: java/lang/Object
// source: Casting.java
00000392 :	02 static fields size: 2
00000393 :	00 instance fields size: 0
00000394 :	02 direct methods size: 2
00000395 :	00 virtual methods size: 0
00000396 :	00 18 // static field[0]: ascStr Ljava/lang/String;
00000398 :	01 18 // static field[1]: chrStr Ljava/lang/String;
0000039A :	00 81 80 04 
		D4 03 // direct method[0]: <init>()V
000003A0 :	01 09 EC 03 
		// direct method[1]: main([Ljava/lang/String;)V
0000038D :	02 array item count: 2
0000038E :	17 14 Array element[0]: "ascii "
00000390 :	17 00 Array element[1]: " character "
--------------------------------------
Class: Casting
****************************
Method: public <init>()V
000001D4 :	01 00 registers size: 1
000001D6 :	01 00 input arguments: 1
000001D8 :	01 00 output arguments: 1
000001DA :	00 00 try block size: 0
000001DC :	7D 03 00 00 
		debug info offset: 0x37d
000001E0 :	04 00 00 00 
		instruction block size: 4
method block: 0x1e4-0x1ec
next block starts at: 0x1ec
0000037D :	01 Starting line: 1
0000037E :	00 Parameter number: 0
0000037F :	07 DBG_SET_PROLOGUE_END
00000380 :	0E Line register: 1; address register: 0x0
00000381 :	00 DBG_END_SEQUENCE
	invoke-direct	{v0},java/lang/Object/<init>	; <init>()V
	return-void	
****************************
Method: public static main([Ljava/lang/String;)V
000001EC :	05 00 registers size: 5
000001EE :	01 00 input arguments: 1
000001F0 :	02 00 output arguments: 2
000001F2 :	00 00 try block size: 0
000001F4 :	82 03 00 00 
		debug info offset: 0x382
000001F8 :	2C 00 00 00 
		instruction block size: 44
method block: 0x1fc-0x254
next block starts at: 0x254
0000038A :	08 Starting line: 8
00000383 :	01 Parameter number: 1
00000384 :	00 reg#-1 : unnamed0
00000385 :	07 DBG_SET_PROLOGUE_END
00000386 :	0E Line register: 8; address register: 0x0
00000387 :	5A Line register: 9; address register: 0x5
00000388 :	01 22 DBG_ADVANCE_PC: by 34 bytes (new address is 0x27)
0000038A :	0D Line register: 8; address register: 0x27
0000038B :	4D Line register: 11; address register: 0x2b
0000038C :	00 DBG_END_SEQUENCE
	const/4	v0,0
	const/16	v1,128
	if-ge	v0,v1,l252
	sget-object	v1,java/lang/System.out Ljava/io/PrintStream;
	new-instance	v2,java/lang/StringBuilder
	invoke-direct	{v2},java/lang/StringBuilder/<init>	; <init>()V
	const-string	v3,"ascii "
	invoke-virtual	{v2,v3},java/lang/StringBuilder/append	; append(Ljava/lang/String;)Ljava/lang/StringBuilder;
	move-result-object	v2
	invoke-virtual	{v2,v0},java/lang/StringBuilder/append	; append(I)Ljava/lang/StringBuilder;
	move-result-object	v2
	const-string	v3," character "
	invoke-virtual	{v2,v3},java/lang/StringBuilder/append	; append(Ljava/lang/String;)Ljava/lang/StringBuilder;
	move-result-object	v2
	invoke-virtual	{v2,v0},java/lang/StringBuilder/append	; append(C)Ljava/lang/StringBuilder;
	move-result-object	v2
	invoke-virtual	{v2},java/lang/StringBuilder/toString	; toString()Ljava/lang/String;
	move-result-object	v2
	invoke-virtual	{v1,v2},java/io/PrintStream/println	; println(Ljava/lang/String;)V
	add-int/lit8	v0,v0,1
	int-to-char	v0,v0
	goto	l1fe
	return-void	
